<?xml version="1.0" encoding="UTF-8"?>
<!-- Generated by org.testng.reporters.JUnitReportReporter -->
<testsuite hostname="DESKTOP-Pallavi" failures="0" tests="1" name="tests.LoginTest" time="4.567" errors="0" timestamp="2024-05-17T08:23:16 PDT" skipped="0">
  <testcase classname="tests.LoginTest" name="forgetPassword_TC04_B" time="4.567"/>
</testsuite> <!-- tests.LoginTest -->
