<?xml version="1.0" encoding="UTF-8"?>
<!-- Generated by org.testng.reporters.JUnitReportReporter -->
<testsuite hostname="DESKTOP-Pallavi" failures="0" tests="1" name="tests.RandomScenariosTest" time="16.285" errors="0" timestamp="2024-05-30T22:53:04 PDT" skipped="0">
  <testcase classname="tests.RandomScenariosTest" name="blockingAnEventInTheCalender_TC36" time="16.285"/>
</testsuite> <!-- tests.RandomScenariosTest -->
