<?xml version="1.0" encoding="UTF-8"?>
<!-- Generated by org.testng.reporters.JUnitReportReporter -->
<testsuite hostname="DESKTOP-Pallavi" failures="0" tests="1" name="tests.UserMenuTest" time="93.668" errors="0" timestamp="2024-05-19T14:55:42 PDT" skipped="0">
  <testcase classname="tests.UserMenuTest" name="selectUserMenuOptionLogout_TC09" time="93.668"/>
</testsuite> <!-- tests.UserMenuTest -->
