<?xml version="1.0" encoding="UTF-8"?>
<!-- Generated by org.testng.reporters.JUnitReportReporter -->
<testsuite hostname="DESKTOP-Pallavi" failures="0" tests="1" name="tests.RandomScenariosTest" time="56.488" errors="0" timestamp="2024-05-28T16:40:43 PDT" skipped="0">
  <testcase classname="tests.RandomScenariosTest" name="verifyLastNameUpadate_TC34" time="56.488"/>
</testsuite> <!-- tests.RandomScenariosTest -->
