<?xml version="1.0" encoding="UTF-8"?>
<!-- Generated by org.testng.reporters.JUnitReportReporter -->
<testsuite hostname="DESKTOP-Pallavi" failures="0" tests="1" name="tests.CreateAccountTest" time="13.774" errors="0" timestamp="2024-05-19T23:41:38 PDT" skipped="0">
  <testcase classname="tests.CreateAccountTest" name="mergeAccounts_TC13" time="13.774"/>
</testsuite> <!-- tests.CreateAccountTest -->
