<?xml version="1.0" encoding="UTF-8"?>
<!-- Generated by org.testng.reporters.JUnitReportReporter -->
<testsuite hostname="DESKTOP-Pallavi" failures="0" tests="1" name="tests.UserMenuTest" time="4.500" errors="0" timestamp="2024-05-17T11:50:42 PDT" skipped="0">
  <testcase classname="tests.UserMenuTest" name="selectUserMenu_TC05" time="4.500"/>
</testsuite> <!-- tests.UserMenuTest -->
