<?xml version="1.0" encoding="UTF-8"?>
<!-- Generated by org.testng.reporters.JUnitReportReporter -->
<testsuite hostname="DESKTOP-Pallavi" failures="0" tests="1" name="tests.CreateOptyTest" time="11.221" errors="0" timestamp="2024-05-22T22:38:11 PDT" skipped="0">
  <testcase classname="tests.CreateOptyTest" name="testQuarterlySummaryReport_TC19" time="11.221"/>
</testsuite> <!-- tests.CreateOptyTest -->
