<?xml version="1.0" encoding="UTF-8"?>
<!-- Generated by org.testng.reporters.JUnitReportReporter -->
<testsuite hostname="DESKTOP-Pallavi" failures="0" tests="1" name="tests.CreateAccountTest" time="12.783" errors="0" timestamp="2024-05-21T21:06:19 PDT" skipped="0">
  <testcase classname="tests.CreateAccountTest" name="createAccountReport_TC14" time="12.783"/>
</testsuite> <!-- tests.CreateAccountTest -->
