<?xml version="1.0" encoding="UTF-8"?>
<!-- Generated by org.testng.reporters.JUnitReportReporter -->
<testsuite hostname="DESKTOP-Pallavi" failures="0" tests="1" name="tests.ContactsTest" time="14.704" errors="0" timestamp="2024-05-27T18:03:23 PDT" skipped="0">
  <testcase classname="tests.ContactsTest" name="saveAndNewBtnForContact_TC32" time="14.704"/>
</testsuite> <!-- tests.ContactsTest -->
