<?xml version="1.0" encoding="UTF-8"?>
<!-- Generated by org.testng.reporters.JUnitReportReporter -->
<testsuite hostname="DESKTOP-Pallavi" failures="0" tests="1" name="tests.ContactsTest" time="11.132" errors="0" timestamp="2024-05-25T22:59:02 PDT" skipped="0">
  <testcase classname="tests.ContactsTest" name="errorForNewView_TC30" time="11.132"/>
</testsuite> <!-- tests.ContactsTest -->
